[23:14:29] [main/INFO] (FabricLoader/GameProvider) Loading Minecraft 1.18.2 with Fabric Loader 0.13.3
[23:14:30] [main/INFO] (FabricLoader) Loading 48 mods:
	- command_structures 2.0.0+1.18.2
	- fabric 0.47.8+1.18.2
	- fabric-api-base 0.4.3+d7c144a8d2
	- fabric-api-lookup-api-v1 1.5.6+d7c144a8d2
	- fabric-biome-api-v1 8.0.1+2873dd57d2
	- fabric-blockrenderlayer-v1 1.1.11+3ac43d95d2
	- fabric-command-api-v1 1.1.8+d7c144a8d2
	- fabric-commands-v0 0.2.7+b4f4f6cdd2
	- fabric-containers-v0 0.1.20+d7c144a8d2
	- fabric-content-registries-v0 3.0.0+d82b9392d2
	- fabric-crash-report-info-v1 0.1.10+3ac43d95d2
	- fabric-data-generation-api-v1 2.0.4+ebd24f87d2
	- fabric-dimensions-v1 2.1.16+25407454d2
	- fabric-entity-events-v1 1.4.7+d7c144a8d2
	- fabric-events-interaction-v0 0.4.18+d7c144a8d2
	- fabric-events-lifecycle-v0 0.2.12+d7c144a8d2
	- fabric-game-rule-api-v1 1.0.12+d7c144a8d2
	- fabric-gametest-api-v1 1.0.13+25407454d2
	- fabric-item-api-v1 1.3.2+691a79b5d2
	- fabric-item-groups-v0 0.3.8+3ac43d95d2
	- fabric-key-binding-api-v1 1.0.11+54e5b2ecd2
	- fabric-keybindings-v0 0.2.9+b4f4f6cdd2
	- fabric-lifecycle-events-v1 2.0.1+25407454d2
	- fabric-loot-tables-v1 1.0.10+d7c144a8d2
	- fabric-mining-level-api-v1 2.0.2+d1027f7dd2
	- fabric-models-v0 0.3.5+d7c144a8d2
	- fabric-networking-api-v1 1.0.20+d882b915d2
	- fabric-networking-v0 0.3.7+b4f4f6cdd2
	- fabric-object-builder-api-v1 2.0.1+d882b915d2
	- fabric-particles-v1 0.2.11+526dc1acd2
	- fabric-registry-sync-v0 0.9.5+55dca1a4d2
	- fabric-renderer-api-v1 0.4.12+d882b915d2
	- fabric-renderer-indigo 0.4.16+d8c7b9aed2
	- fabric-renderer-registries-v1 3.2.10+b4f4f6cdd2
	- fabric-rendering-data-attachment-v1 0.3.6+d7c144a8d2
	- fabric-rendering-fluids-v1 2.0.1+54e5b2ecd2
	- fabric-rendering-v0 1.1.12+b4f4f6cdd2
	- fabric-rendering-v1 1.10.6+54e5b2ecd2
	- fabric-resource-conditions-api-v1 2.0.1+d1027f7dd2
	- fabric-resource-loader-v0 0.4.16+55dca1a4d2
	- fabric-screen-api-v1 1.0.9+d882b915d2
	- fabric-screen-handler-api-v1 1.1.13+d7c144a8d2
	- fabric-textures-v0 1.0.11+3ac43d95d2
	- fabric-transfer-api-v1 1.5.12+d882b915d2
	- fabricloader 0.13.3
	- java 17
	- minecraft 1.18.2
	- mvs 2.1.3
[23:14:30] [main/INFO] (FabricLoader/Mixin) SpongePowered MIXIN Subsystem Version=0.8.5 Source=file:/C:/Users/finn/.gradle/caches/modules-2/files-2.1/net.fabricmc/sponge-mixin/0.11.2+mixin.0.8.5/f4ae569d559b5e3244b67321945261d83ff7ad8e/sponge-mixin-0.11.2+mixin.0.8.5.jar Service=Knot/Fabric Env=CLIENT
[23:14:31] [main/INFO] (FabricLoader/Mixin) Loaded Fabric development mappings for mixin remapper!
[23:14:31] [main/INFO] (FabricLoader/Mixin) Compatibility level set to JAVA_16
[23:14:31] [main/INFO] (FabricLoader/Mixin) Compatibility level set to JAVA_17
[23:14:53] [main/WARN] (FabricLoader/Mixin) @Inject(@At("INVOKE")) Shift.BY=3 on fabric-lifecycle-events-v1.mixins.json:client.WorldChunkMixin::handler$zhf000$onLoadBlockEntity exceeds the maximum allowed value: 0. Increase the value of maxShiftBy to suppress this warning.
[23:15:02] [Render thread/INFO] (Minecraft) Environment: authHost='https://authserver.mojang.com', accountsHost='https://api.mojang.com', sessionHost='https://sessionserver.mojang.com', servicesHost='https://api.minecraftservices.com', name='PROD'
[23:15:04] [Render thread/ERROR] (Minecraft) Failed to verify authentication
com.mojang.authlib.exceptions.InvalidCredentialsException: Status: 401
	at com.mojang.authlib.exceptions.MinecraftClientHttpException.toAuthenticationException(MinecraftClientHttpException.java:56) ~[authlib-3.3.39.jar:?]
	at com.mojang.authlib.yggdrasil.YggdrasilUserApiService.fetchProperties(YggdrasilUserApiService.java:132) ~[authlib-3.3.39.jar:?]
	at com.mojang.authlib.yggdrasil.YggdrasilUserApiService.<init>(YggdrasilUserApiService.java:44) ~[authlib-3.3.39.jar:?]
	at com.mojang.authlib.yggdrasil.YggdrasilAuthenticationService.createUserApiService(YggdrasilAuthenticationService.java:153) ~[authlib-3.3.39.jar:?]
	at net.minecraft.client.MinecraftClient.createUserApiService(MinecraftClient.java:676) [minecraft-project-@-mapped.jar:?]
	at net.minecraft.client.MinecraftClient.<init>(MinecraftClient.java:498) [minecraft-project-@-mapped.jar:?]
	at net.minecraft.client.main.Main.main(Main.java:178) [minecraft-project-@-mapped.jar:?]
	at jdk.internal.reflect.NativeMethodAccessorImpl.invoke0(Native Method) ~[?:?]
	at jdk.internal.reflect.NativeMethodAccessorImpl.invoke(NativeMethodAccessorImpl.java:77) ~[?:?]
	at jdk.internal.reflect.DelegatingMethodAccessorImpl.invoke(DelegatingMethodAccessorImpl.java:43) ~[?:?]
	at java.lang.reflect.Method.invoke(Method.java:568) ~[?:?]
	at net.fabricmc.loader.impl.game.minecraft.MinecraftGameProvider.launch(MinecraftGameProvider.java:416) [fabric-loader-0.13.3.jar:?]
	at net.fabricmc.loader.impl.launch.knot.Knot.launch(Knot.java:77) [fabric-loader-0.13.3.jar:?]
	at net.fabricmc.loader.impl.launch.knot.KnotClient.main(KnotClient.java:23) [fabric-loader-0.13.3.jar:?]
	at net.fabricmc.devlaunchinjector.Main.main(Main.java:86) [dev-launch-injector-0.2.1+build.8.jar:?]
Caused by: com.mojang.authlib.exceptions.MinecraftClientHttpException: Status: 401
	at com.mojang.authlib.minecraft.client.MinecraftClient.readInputStream(MinecraftClient.java:78) ~[authlib-3.3.39.jar:?]
	at com.mojang.authlib.minecraft.client.MinecraftClient.get(MinecraftClient.java:48) ~[authlib-3.3.39.jar:?]
	at com.mojang.authlib.yggdrasil.YggdrasilUserApiService.fetchProperties(YggdrasilUserApiService.java:113) ~[authlib-3.3.39.jar:?]
	... 13 more
[23:15:04] [Render thread/INFO] (Minecraft) Setting user: Player927
[23:15:05] [Render thread/INFO] (Indigo) [Indigo] Registering Indigo renderer!
[23:15:07] [Render thread/INFO] (Minecraft) Backend library: LWJGL version 3.2.2 build 10
[23:15:19] [Render thread/INFO] (Minecraft) Narrator library for x64 successfully loaded
[23:15:21] [Render thread/INFO] (Minecraft) Reloading ResourceManager: Default, Fabric Mods (Fabric Renderer - Indigo, Fabric Textures (v0), Fabric Content Registries (v0), Fabric Rendering Data Attachment (v1), Fabric Biome API (v1), Fabric Resource Loader (v0), Fabric Commands (v0), Fabric Transfer API (v1), Fabric Command API (v1), Fabric Rendering (v1), Fabric Data Generation API (v1), Fabric Events Interaction (v0), Fabric Object Builder API (v1), Fabric API, Fabric Renderer Registries (v1), Fabric Mining Level API (v1), Fabric Entity Events (v1), Fabric Rendering (v0), Fabric Loot Tables (v1), Fabric API Lookup API (v1), Fabric Particles (v1), Fabric Renderer API (v1), Fabric Events Lifecycle (v0), Fabric Game Rule API (v1), Fabric Item Groups (v0), Fabric Models (v0), Fabric BlockRenderLayer Registration (v1), Fabric Key Bindings (v0), Fabric Rendering Fluids (v1), Fabric Containers (v0), Fabric Key Binding API (v1), Fabric Dimensions API (v1), Fabric Networking API (v1), Fabric Crash Report Info (v1), Fabric Registry Sync (v0), Fabric Screen API (v1), Fabric Screen Handler API (v1), Fabric Lifecycle Events (v1), Vanilla Structure Mod, Fabric Item API (v1), Fabric Game Test API (v1), Fabric Networking (v0), Fabric API Base, Fabric Loader, Fabric Resource Conditions API (v1))
[23:15:22] [Realms Notification Availability checker #1/INFO] (Minecraft) Could not authorize you against Realms server: Invalid session id
[23:15:30] [Render thread/INFO] (Minecraft) OpenAL initialized on device OpenAL Soft on Speakers (Realtek(R) Audio)
[23:15:30] [Render thread/INFO] (Minecraft) Sound engine started
[23:15:31] [Render thread/INFO] (Minecraft) Created: 1024x1024x4 minecraft:textures/atlas/blocks.png-atlas
[23:15:32] [Render thread/INFO] (Minecraft) Created: 256x128x4 minecraft:textures/atlas/signs.png-atlas
[23:15:32] [Render thread/INFO] (Minecraft) Created: 1024x512x4 minecraft:textures/atlas/banner_patterns.png-atlas
[23:15:32] [Render thread/INFO] (Minecraft) Created: 1024x512x4 minecraft:textures/atlas/shield_patterns.png-atlas
[23:15:32] [Render thread/INFO] (Minecraft) Created: 256x256x4 minecraft:textures/atlas/chest.png-atlas
[23:15:32] [Render thread/INFO] (Minecraft) Created: 512x256x4 minecraft:textures/atlas/beds.png-atlas
[23:15:32] [Render thread/INFO] (Minecraft) Created: 512x256x4 minecraft:textures/atlas/shulker_boxes.png-atlas
[23:15:49] [Render thread/INFO] (Minecraft) Created: 256x256x0 minecraft:textures/atlas/particles.png-atlas
[23:15:50] [Render thread/INFO] (Minecraft) Created: 256x256x0 minecraft:textures/atlas/paintings.png-atlas
[23:15:50] [Render thread/INFO] (Minecraft) Created: 256x128x0 minecraft:textures/atlas/mob_effects.png-atlas
[23:16:31] [Render thread/WARN] (Minecraft) Ambiguity between arguments [teleport, location] and [teleport, destination] with inputs: [0.1 -0.5 .9, 0 0 0]
[23:16:31] [Render thread/WARN] (Minecraft) Ambiguity between arguments [teleport, location] and [teleport, targets] with inputs: [0.1 -0.5 .9, 0 0 0]
[23:16:31] [Render thread/WARN] (Minecraft) Ambiguity between arguments [teleport, destination] and [teleport, targets] with inputs: [Player, 0123, @e, dd12be42-52a9-4a91-a8a1-11c01849e498]
[23:16:31] [Render thread/WARN] (Minecraft) Ambiguity between arguments [teleport, targets] and [teleport, destination] with inputs: [Player, 0123, dd12be42-52a9-4a91-a8a1-11c01849e498]
[23:16:31] [Render thread/WARN] (Minecraft) Ambiguity between arguments [teleport, targets, location] and [teleport, targets, destination] with inputs: [0.1 -0.5 .9, 0 0 0]
[23:16:32] [Render thread/INFO] (Minecraft) Loaded 7 recipes
[23:16:32] [Render thread/INFO] (Minecraft) Loaded 1141 advancements
[23:16:35] [Render thread/WARN] (Minecraft) Ambiguity between arguments [teleport, location] and [teleport, destination] with inputs: [0.1 -0.5 .9, 0 0 0]
[23:16:35] [Render thread/WARN] (Minecraft) Ambiguity between arguments [teleport, location] and [teleport, targets] with inputs: [0.1 -0.5 .9, 0 0 0]
[23:16:35] [Render thread/WARN] (Minecraft) Ambiguity between arguments [teleport, destination] and [teleport, targets] with inputs: [Player, 0123, @e, dd12be42-52a9-4a91-a8a1-11c01849e498]
[23:16:35] [Render thread/WARN] (Minecraft) Ambiguity between arguments [teleport, targets] and [teleport, destination] with inputs: [Player, 0123, dd12be42-52a9-4a91-a8a1-11c01849e498]
[23:16:35] [Render thread/WARN] (Minecraft) Ambiguity between arguments [teleport, targets, location] and [teleport, targets, destination] with inputs: [0.1 -0.5 .9, 0 0 0]
[23:16:36] [Render thread/INFO] (Minecraft) Loaded 7 recipes
[23:16:36] [Render thread/INFO] (Minecraft) Loaded 1141 advancements
[23:16:37] [Render thread/INFO] (Minecraft) Environment: authHost='https://authserver.mojang.com', accountsHost='https://api.mojang.com', sessionHost='https://sessionserver.mojang.com', servicesHost='https://api.minecraftservices.com', name='PROD'
[23:16:38] [Render thread/INFO] (BiomeModificationImpl) Applied 0 biome modifications to 0 of 61 new biomes in 6.039 ms
[23:16:38] [Server thread/INFO] (Minecraft) Starting integrated minecraft server version 1.18.2
[23:16:38] [Server thread/INFO] (Minecraft) Generating keypair
[23:16:56] [Server thread/INFO] (Minecraft) Preparing start region for dimension minecraft:overworld
[23:16:57] [Render thread/INFO] (Minecraft) Preparing spawn area: 0%
[23:16:57] [Render thread/INFO] (Minecraft) Preparing spawn area: 0%
[23:16:57] [Render thread/INFO] (Minecraft) Preparing spawn area: 0%
[23:16:57] [Render thread/INFO] (Minecraft) Preparing spawn area: 0%
[23:16:58] [Render thread/INFO] (Minecraft) Preparing spawn area: 0%
[23:16:58] [Render thread/INFO] (Minecraft) Preparing spawn area: 0%
[23:16:59] [Render thread/INFO] (Minecraft) Preparing spawn area: 0%
[23:16:59] [Render thread/INFO] (Minecraft) Preparing spawn area: 0%
[23:17:00] [Render thread/INFO] (Minecraft) Preparing spawn area: 0%
[23:17:00] [Render thread/INFO] (Minecraft) Preparing spawn area: 0%
[23:17:01] [Render thread/INFO] (Minecraft) Preparing spawn area: 1%
[23:17:01] [Render thread/INFO] (Minecraft) Preparing spawn area: 1%
[23:17:02] [Render thread/INFO] (Minecraft) Preparing spawn area: 1%
[23:17:02] [Render thread/INFO] (Minecraft) Preparing spawn area: 2%
[23:17:03] [Render thread/INFO] (Minecraft) Preparing spawn area: 2%
[23:17:03] [Render thread/INFO] (Minecraft) Preparing spawn area: 3%
[23:17:04] [Render thread/INFO] (Minecraft) Preparing spawn area: 3%
[23:17:04] [Render thread/INFO] (Minecraft) Preparing spawn area: 3%
[23:17:05] [Render thread/INFO] (Minecraft) Preparing spawn area: 3%
[23:17:05] [Render thread/INFO] (Minecraft) Preparing spawn area: 5%
[23:17:06] [Render thread/INFO] (Minecraft) Preparing spawn area: 6%
[23:17:06] [Render thread/INFO] (Minecraft) Preparing spawn area: 6%
[23:17:07] [Render thread/INFO] (Minecraft) Preparing spawn area: 6%
[23:17:07] [Render thread/INFO] (Minecraft) Preparing spawn area: 7%
[23:17:08] [Render thread/INFO] (Minecraft) Preparing spawn area: 7%
[23:17:08] [Render thread/INFO] (Minecraft) Preparing spawn area: 9%
[23:17:09] [Render thread/INFO] (Minecraft) Preparing spawn area: 10%
[23:17:09] [Render thread/INFO] (Minecraft) Preparing spawn area: 10%
[23:17:10] [Render thread/INFO] (Minecraft) Preparing spawn area: 12%
[23:17:10] [Render thread/INFO] (Minecraft) Preparing spawn area: 15%
[23:17:11] [Render thread/INFO] (Minecraft) Preparing spawn area: 16%
[23:17:11] [Render thread/INFO] (Minecraft) Preparing spawn area: 17%
[23:17:12] [Render thread/INFO] (Minecraft) Preparing spawn area: 18%
[23:17:12] [Render thread/INFO] (Minecraft) Preparing spawn area: 20%
[23:17:13] [Render thread/INFO] (Minecraft) Preparing spawn area: 22%
[23:17:13] [Render thread/INFO] (Minecraft) Preparing spawn area: 23%
[23:17:14] [Render thread/INFO] (Minecraft) Preparing spawn area: 24%
[23:17:14] [Render thread/INFO] (Minecraft) Preparing spawn area: 25%
[23:17:15] [Render thread/INFO] (Minecraft) Preparing spawn area: 27%
[23:17:15] [Render thread/INFO] (Minecraft) Preparing spawn area: 29%
[23:17:16] [Render thread/INFO] (Minecraft) Preparing spawn area: 31%
[23:17:16] [Render thread/INFO] (Minecraft) Preparing spawn area: 32%
[23:17:17] [Render thread/INFO] (Minecraft) Preparing spawn area: 32%
[23:17:17] [Render thread/INFO] (Minecraft) Preparing spawn area: 33%
[23:17:18] [Render thread/INFO] (Minecraft) Preparing spawn area: 34%
[23:17:18] [Render thread/INFO] (Minecraft) Preparing spawn area: 35%
[23:17:19] [Render thread/INFO] (Minecraft) Preparing spawn area: 36%
[23:17:19] [Render thread/INFO] (Minecraft) Preparing spawn area: 38%
[23:17:20] [Render thread/INFO] (Minecraft) Preparing spawn area: 41%
[23:17:20] [Render thread/INFO] (Minecraft) Preparing spawn area: 42%
[23:17:21] [Render thread/INFO] (Minecraft) Preparing spawn area: 43%
[23:17:21] [Render thread/INFO] (Minecraft) Preparing spawn area: 44%
[23:17:22] [Render thread/INFO] (Minecraft) Preparing spawn area: 45%
[23:17:22] [Render thread/INFO] (Minecraft) Preparing spawn area: 46%
[23:17:23] [Render thread/INFO] (Minecraft) Preparing spawn area: 48%
[23:17:23] [Render thread/INFO] (Minecraft) Preparing spawn area: 48%
[23:17:24] [Render thread/INFO] (Minecraft) Preparing spawn area: 52%
[23:17:24] [Render thread/INFO] (Minecraft) Preparing spawn area: 52%
[23:17:25] [Render thread/INFO] (Minecraft) Preparing spawn area: 55%
[23:17:25] [Render thread/INFO] (Minecraft) Preparing spawn area: 55%
[23:17:26] [Render thread/INFO] (Minecraft) Preparing spawn area: 57%
[23:17:26] [Render thread/INFO] (Minecraft) Preparing spawn area: 59%
[23:17:27] [Render thread/INFO] (Minecraft) Preparing spawn area: 60%
[23:17:27] [Render thread/INFO] (Minecraft) Preparing spawn area: 63%
[23:17:28] [Render thread/INFO] (Minecraft) Preparing spawn area: 66%
[23:17:28] [Render thread/INFO] (Minecraft) Preparing spawn area: 68%
[23:17:29] [Render thread/INFO] (Minecraft) Preparing spawn area: 69%
[23:17:29] [Render thread/INFO] (Minecraft) Preparing spawn area: 71%
[23:17:30] [Render thread/INFO] (Minecraft) Preparing spawn area: 73%
[23:17:30] [Render thread/INFO] (Minecraft) Preparing spawn area: 76%
[23:17:31] [Render thread/INFO] (Minecraft) Preparing spawn area: 79%
[23:17:31] [Render thread/INFO] (Minecraft) Preparing spawn area: 81%
[23:17:32] [Render thread/INFO] (Minecraft) Preparing spawn area: 84%
[23:17:32] [Render thread/INFO] (Minecraft) Preparing spawn area: 85%
[23:17:33] [Render thread/INFO] (Minecraft) Preparing spawn area: 86%
[23:17:33] [Render thread/INFO] (Minecraft) Preparing spawn area: 89%
[23:17:34] [Render thread/INFO] (Minecraft) Preparing spawn area: 91%
[23:17:34] [Render thread/INFO] (Minecraft) Preparing spawn area: 94%
[23:17:35] [Render thread/INFO] (Minecraft) Preparing spawn area: 96%
[23:17:35] [Render thread/INFO] (Minecraft) Preparing spawn area: 99%
[23:17:35] [Render thread/INFO] (Minecraft) Time elapsed: 39566 ms
[23:17:35] [Server thread/INFO] (Minecraft) Changing view distance to 8, from 10
[23:17:35] [Server thread/INFO] (Minecraft) Changing simulation distance to 12, from 0
[23:17:37] [Server thread/INFO] (Minecraft) Player927[local:E:e9fc5426] logged in with entity id 254 at (-110.5, 78.0, -24.5)
[23:17:37] [Server thread/INFO] (Minecraft) Player927 joined the game
[23:17:38] [Render thread/INFO] (Minecraft) Loaded 0 advancements
[23:17:55] [Server thread/INFO] (Minecraft) Saving and pausing game...
[23:17:55] [Server thread/INFO] (Minecraft) Saving chunks for level 'ServerLevel[New World]'/minecraft:overworld
[23:17:55] [Server thread/INFO] (Minecraft) Saving chunks for level 'ServerLevel[New World]'/minecraft:the_end
[23:17:55] [Server thread/INFO] (Minecraft) Saving chunks for level 'ServerLevel[New World]'/minecraft:the_nether
[23:18:34] [Server thread/INFO] (Minecraft) Saving and pausing game...
[23:18:34] [Server thread/INFO] (Minecraft) Saving chunks for level 'ServerLevel[New World]'/minecraft:overworld
[23:18:34] [Server thread/INFO] (Minecraft) Saving chunks for level 'ServerLevel[New World]'/minecraft:the_end
[23:18:34] [Server thread/INFO] (Minecraft) Saving chunks for level 'ServerLevel[New World]'/minecraft:the_nether
[23:18:59] [Server thread/INFO] (Minecraft) Saving and pausing game...
[23:18:59] [Server thread/INFO] (Minecraft) Saving chunks for level 'ServerLevel[New World]'/minecraft:overworld
[23:18:59] [Server thread/INFO] (Minecraft) Saving chunks for level 'ServerLevel[New World]'/minecraft:the_end
[23:18:59] [Server thread/INFO] (Minecraft) Saving chunks for level 'ServerLevel[New World]'/minecraft:the_nether
[23:19:54] [Render thread/INFO] (Minecraft) Loaded 7 advancements
[23:19:57] [Server thread/INFO] (Minecraft) Saving and pausing game...
[23:19:57] [Server thread/INFO] (Minecraft) Saving chunks for level 'ServerLevel[New World]'/minecraft:overworld
[23:19:57] [Server thread/INFO] (Minecraft) Saving chunks for level 'ServerLevel[New World]'/minecraft:the_end
[23:19:57] [Server thread/INFO] (Minecraft) Saving chunks for level 'ServerLevel[New World]'/minecraft:the_nether
[23:22:01] [Server thread/INFO] (Minecraft) Saving and pausing game...
[23:22:01] [Server thread/INFO] (Minecraft) Saving chunks for level 'ServerLevel[New World]'/minecraft:overworld
[23:22:01] [Server thread/INFO] (Minecraft) Saving chunks for level 'ServerLevel[New World]'/minecraft:the_end
[23:22:01] [Server thread/INFO] (Minecraft) Saving chunks for level 'ServerLevel[New World]'/minecraft:the_nether
[23:22:25] [Server thread/WARN] (Minecraft) Can't keep up! Is the server overloaded? Running 2605ms or 52 ticks behind
[23:22:25] [Render thread/INFO] (Minecraft) [CHAT] The nearest mvs:acacialogpile is at [304, ~, -2896] (2949 blocks away)
[23:22:32] [Render thread/INFO] (Minecraft) [CHAT] The nearest mvs:birchlogpile is at [-352, ~, 736] (747 blocks away)
[23:22:38] [Render thread/INFO] (Minecraft) [CHAT] The nearest mvs:boulder is at [496, ~, -784] (1016 blocks away)
[23:22:43] [Render thread/INFO] (Minecraft) [CHAT] The nearest mvs:crystal is at [-4064, ~, -4032] (5658 blocks away)
[23:22:48] [Render thread/INFO] (Minecraft) [CHAT] The nearest mvs:darkoaklogpile is at [-128, ~, 992] (965 blocks away)
[23:22:54] [Render thread/INFO] (Minecraft) [CHAT] The nearest mvs:desertpump is at [-5312, ~, 3040] (6002 blocks away)
[23:23:00] [Render thread/INFO] (Minecraft) [CHAT] The nearest mvs:junglelogpile is at [480, ~, -2400] (2500 blocks away)
[23:23:00] [Server thread/INFO] (Minecraft) Saving and pausing game...
[23:23:00] [Server thread/INFO] (Minecraft) Saving chunks for level 'ServerLevel[New World]'/minecraft:overworld
[23:23:00] [Server thread/INFO] (Minecraft) Saving chunks for level 'ServerLevel[New World]'/minecraft:the_end
[23:23:00] [Server thread/INFO] (Minecraft) Saving chunks for level 'ServerLevel[New World]'/minecraft:the_nether
[23:23:09] [Render thread/INFO] (Minecraft) [CHAT] The nearest mvs:lampchest is at [-2544, ~, 464] (2462 blocks away)
[23:23:12] [Render thread/INFO] (Minecraft) [CHAT] The nearest mvs:lecturngarden is at [-2736, ~, 80] (2615 blocks away)
[23:23:19] [Render thread/INFO] (Minecraft) [CHAT] The nearest mvs:oaklogpile is at [80, ~, 496] (510 blocks away)
[23:23:21] [Render thread/INFO] (Minecraft) [CHAT] The nearest mvs:pond is at [-2416, ~, 224] (2303 blocks away)
[23:23:23] [Render thread/INFO] (Minecraft) [CHAT] The nearest mvs:railway is at [-2160, ~, 112] (2040 blocks away)
[23:23:31] [Render thread/INFO] (Minecraft) [CHAT] The nearest mvs:sprucelogpile is at [496, ~, -800] (1031 blocks away)
[23:23:33] [Render thread/INFO] (Minecraft) [CHAT] The nearest mvs:stonefountain is at [-1216, ~, 336] (1137 blocks away)
[23:23:36] [Render thread/INFO] (Minecraft) [CHAT] The nearest mvs:stonepillars is at [-2432, ~, 112] (2312 blocks away)
[23:23:40] [Worker-Main-12/WARN] (Minecraft) Empty or non-existent pool: minecraft:mvs/side_pool
[23:23:40] [Render thread/INFO] (Minecraft) [CHAT] The nearest mvs:well is at [-1248, ~, 448] (1203 blocks away)
[23:23:47] [Render thread/INFO] (Minecraft) [CHAT] The nearest mvs:rarewell is at [144, ~, 4144] (4125 blocks away)
[23:23:51] [Server thread/INFO] (Minecraft) [Player927: Teleported Player927 to 304.500000, 90.829674, -2895.500000]
[23:23:51] [Render thread/INFO] (Minecraft) [CHAT] Teleported Player927 to 304.500000, 90.829674, -2895.500000
[23:23:53] [Server thread/WARN] (Minecraft) Can't keep up! Is the server overloaded? Running 2636ms or 52 ticks behind
[23:24:11] [Server thread/INFO] (Minecraft) [Player927: Teleported Player927 to -351.500000, 70.421095, 736.500000]
[23:24:11] [Render thread/INFO] (Minecraft) [CHAT] Teleported Player927 to -351.500000, 70.421095, 736.500000
[23:24:14] [Server thread/WARN] (Minecraft) Can't keep up! Is the server overloaded? Running 2786ms or 55 ticks behind
[23:24:21] [Server thread/INFO] (Minecraft) [Player927: Teleported Player927 to 496.500000, 76.251153, -783.500000]
[23:24:21] [Render thread/INFO] (Minecraft) [CHAT] Teleported Player927 to 496.500000, 76.251153, -783.500000
[23:24:53] [Server thread/INFO] (Minecraft) Saving and pausing game...
[23:24:53] [Server thread/INFO] (Minecraft) Saving chunks for level 'ServerLevel[New World]'/minecraft:overworld
[23:24:53] [Server thread/INFO] (Minecraft) Saving chunks for level 'ServerLevel[New World]'/minecraft:the_end
[23:24:53] [Server thread/INFO] (Minecraft) Saving chunks for level 'ServerLevel[New World]'/minecraft:the_nether
[23:26:51] [Server thread/INFO] (Minecraft) [Player927: Teleported Player927 to -4063.500000, 76.368195, -4031.500000]
[23:26:51] [Render thread/INFO] (Minecraft) [CHAT] Teleported Player927 to -4063.500000, 76.368195, -4031.500000
[23:26:52] [Worker-Main-38/WARN] (Minecraft) Empty or non-existent pool: minecraft:mvs/side_pool
[23:26:53] [Server thread/WARN] (Minecraft) Can't keep up! Is the server overloaded? Running 2152ms or 43 ticks behind
[23:26:59] [Server thread/INFO] (Minecraft) [Player927: Set own game mode to Survival Mode]
[23:26:59] [Render thread/INFO] (Minecraft) [CHAT] Set own game mode to Survival Mode
[23:27:00] [Server thread/INFO] (Minecraft) [Player927: Set own game mode to Creative Mode]
[23:27:00] [Render thread/INFO] (Minecraft) [CHAT] Set own game mode to Creative Mode
[23:27:01] [Server thread/INFO] (Minecraft) [Player927: Set own game mode to Spectator Mode]
[23:27:01] [Render thread/INFO] (Minecraft) [CHAT] Set own game mode to Spectator Mode
[23:27:12] [Server thread/INFO] (Minecraft) [Player927: Teleported Player927 to -127.500000, 119.798709, 992.500000]
[23:27:12] [Render thread/INFO] (Minecraft) [CHAT] Teleported Player927 to -127.500000, 119.798709, 992.500000
[23:27:15] [Server thread/WARN] (Minecraft) Can't keep up! Is the server overloaded? Running 2600ms or 52 ticks behind
[23:28:01] [Server thread/INFO] (Minecraft) [Player927: Teleported Player927 to -5311.500000, 75.201362, 3040.500000]
[23:28:01] [Render thread/INFO] (Minecraft) [CHAT] Teleported Player927 to -5311.500000, 75.201362, 3040.500000
[23:28:03] [Server thread/WARN] (Minecraft) Can't keep up! Is the server overloaded? Running 2017ms or 40 ticks behind
[23:28:40] [Render thread/INFO] (Minecraft) [CHAT] Teleported Player927 to 480.500000, 81.960084, -2399.500000
[23:28:40] [Server thread/INFO] (Minecraft) [Player927: Teleported Player927 to 480.500000, 81.960084, -2399.500000]
[23:28:42] [Server thread/WARN] (Minecraft) Can't keep up! Is the server overloaded? Running 2733ms or 54 ticks behind
[23:28:51] [Server thread/INFO] (Minecraft) [Player927: Teleported Player927 to -2543.500000, 88.416670, 464.500000]
[23:28:51] [Render thread/INFO] (Minecraft) [CHAT] Teleported Player927 to -2543.500000, 88.416670, 464.500000
[23:28:53] [Worker-Main-12/WARN] (Minecraft) Empty or non-existent pool: minecraft:mvs/side_pool
[23:29:09] [Server thread/INFO] (Minecraft) [Player927: Teleported Player927 to -2735.500000, 74.547818, 80.500000]
[23:29:10] [Render thread/INFO] (Minecraft) [CHAT] Teleported Player927 to -2735.500000, 74.547818, 80.500000
[23:29:12] [Server thread/WARN] (Minecraft) Can't keep up! Is the server overloaded? Running 2556ms or 51 ticks behind
[23:29:30] [Server thread/INFO] (Minecraft) [Player927: Teleported Player927 to 80.500000, 77.741537, 496.500000]
[23:29:30] [Render thread/INFO] (Minecraft) [CHAT] Teleported Player927 to 80.500000, 77.741537, 496.500000
[23:29:32] [Server thread/WARN] (Minecraft) Can't keep up! Is the server overloaded? Running 2390ms or 47 ticks behind
[23:29:43] [Server thread/INFO] (Minecraft) [Player927: Teleported Player927 to -2415.500000, 75.489645, 224.500000]
[23:29:43] [Render thread/INFO] (Minecraft) [CHAT] Teleported Player927 to -2415.500000, 75.489645, 224.500000
[23:30:04] [Server thread/INFO] (Minecraft) [Player927: Teleported Player927 to -2159.500000, 83.359691, 112.500000]
[23:30:04] [Render thread/INFO] (Minecraft) [CHAT] Teleported Player927 to -2159.500000, 83.359691, 112.500000
[23:30:06] [Server thread/INFO] (Minecraft) Saving and pausing game...
[23:30:06] [Server thread/INFO] (Minecraft) Saving chunks for level 'ServerLevel[New World]'/minecraft:overworld
[23:30:06] [Server thread/INFO] (Minecraft) Saving chunks for level 'ServerLevel[New World]'/minecraft:the_end
[23:30:06] [Server thread/INFO] (Minecraft) Saving chunks for level 'ServerLevel[New World]'/minecraft:the_nether
[23:30:09] [Server thread/INFO] (Minecraft) Saving and pausing game...
[23:30:09] [Server thread/INFO] (Minecraft) Saving chunks for level 'ServerLevel[New World]'/minecraft:overworld
[23:30:09] [Server thread/INFO] (Minecraft) Saving chunks for level 'ServerLevel[New World]'/minecraft:the_end
[23:30:09] [Server thread/INFO] (Minecraft) Saving chunks for level 'ServerLevel[New World]'/minecraft:the_nether
[23:32:25] [Server thread/INFO] (Minecraft) [Player927: Teleported Player927 to 496.500000, 78.779809, -799.500000]
[23:32:25] [Render thread/INFO] (Minecraft) [CHAT] Teleported Player927 to 496.500000, 78.779809, -799.500000
[23:32:33] [Server thread/INFO] (Minecraft) [Player927: Teleported Player927 to -1215.500000, 71.362216, 336.500000]
[23:32:33] [Render thread/INFO] (Minecraft) [CHAT] Teleported Player927 to -1215.500000, 71.362216, 336.500000
[23:32:35] [Server thread/WARN] (Minecraft) Can't keep up! Is the server overloaded? Running 2489ms or 49 ticks behind
[23:32:49] [Server thread/INFO] (Minecraft) [Player927: Teleported Player927 to -2431.500000, 82.899982, 112.500000]
[23:32:49] [Render thread/INFO] (Minecraft) [CHAT] Teleported Player927 to -2431.500000, 82.899982, 112.500000
[23:32:51] [Server thread/INFO] (Minecraft) Saving and pausing game...
[23:32:51] [Server thread/INFO] (Minecraft) Saving chunks for level 'ServerLevel[New World]'/minecraft:overworld
[23:32:51] [Server thread/INFO] (Minecraft) Saving chunks for level 'ServerLevel[New World]'/minecraft:the_end
[23:32:51] [Server thread/INFO] (Minecraft) Saving chunks for level 'ServerLevel[New World]'/minecraft:the_nether
[23:33:11] [Server thread/INFO] (Minecraft) [Player927: Teleported Player927 to -2431.500000, 91.142545, 112.500000]
[23:33:11] [Render thread/INFO] (Minecraft) [CHAT] Teleported Player927 to -2431.500000, 91.142545, 112.500000
[23:33:22] [Server thread/INFO] (Minecraft) [Player927: Teleported Player927 to -1247.500000, 83.711541, 448.500000]
[23:33:22] [Render thread/INFO] (Minecraft) [CHAT] Teleported Player927 to -1247.500000, 83.711541, 448.500000
[23:33:30] [Server thread/INFO] (Minecraft) [Player927: Teleported Player927 to 144.500000, 68.871345, 4144.500000]
[23:33:30] [Render thread/INFO] (Minecraft) [CHAT] Teleported Player927 to 144.500000, 68.871345, 4144.500000
[23:33:33] [Server thread/WARN] (Minecraft) Can't keep up! Is the server overloaded? Running 3135ms or 62 ticks behind
[23:33:37] [Render thread/INFO] (Minecraft) [CHAT] The nearest mvs:well is at [-1072, ~, 3184] (1549 blocks away)
[23:33:42] [Server thread/INFO] (Minecraft) [Player927: Teleported Player927 to -1071.500000, 65.569801, 3184.500000]
[23:33:42] [Render thread/INFO] (Minecraft) [CHAT] Teleported Player927 to -1071.500000, 65.569801, 3184.500000
[23:33:56] [Server thread/INFO] (Minecraft) Saving and pausing game...
[23:33:56] [Server thread/INFO] (Minecraft) Saving chunks for level 'ServerLevel[New World]'/minecraft:overworld
[23:33:56] [Server thread/INFO] (Minecraft) Saving chunks for level 'ServerLevel[New World]'/minecraft:the_end
[23:33:56] [Server thread/INFO] (Minecraft) Saving chunks for level 'ServerLevel[New World]'/minecraft:the_nether
[23:33:57] [Server thread/INFO] (Minecraft) Player927 lost connection: Disconnected
[23:33:57] [Server thread/INFO] (Minecraft) Player927 left the game
[23:33:57] [Server thread/INFO] (Minecraft) Stopping singleplayer server as player logged out
[23:33:57] [Server thread/INFO] (Minecraft) Stopping server
[23:33:57] [Server thread/INFO] (Minecraft) Saving players
[23:33:57] [Server thread/INFO] (Minecraft) Saving worlds
[23:33:58] [Server thread/INFO] (Minecraft) Saving chunks for level 'ServerLevel[New World]'/minecraft:overworld
[23:34:03] [Server thread/INFO] (Minecraft) Saving chunks for level 'ServerLevel[New World]'/minecraft:the_end
[23:34:03] [Server thread/INFO] (Minecraft) Saving chunks for level 'ServerLevel[New World]'/minecraft:the_nether
[23:34:03] [Server thread/INFO] (Minecraft) ThreadedAnvilChunkStorage (New World (1)): All chunks are saved
[23:34:03] [Server thread/INFO] (Minecraft) ThreadedAnvilChunkStorage (DIM1): All chunks are saved
[23:34:03] [Server thread/INFO] (Minecraft) ThreadedAnvilChunkStorage (DIM-1): All chunks are saved
[23:34:03] [Server thread/INFO] (Minecraft) ThreadedAnvilChunkStorage: All dimensions are saved
[23:34:06] [Render thread/INFO] (Minecraft) Stopping!
